<?xml version="1.0" encoding="UTF-8"?>
<testsuite xmlns:xsi="http://www.w3.org/2001/XMLSchema-instance" xsi:noNamespaceSchemaLocation="https://maven.apache.org/surefire/maven-surefire-plugin/xsd/surefire-test-report.xsd" version="3.0.2" name="com.testframework.automation.UserControllerTest" time="0.525" tests="1" errors="0" skipped="0" failures="0">
  <properties>
[...]
</properties>
  <testcase name="createUser_shouldReturnResponseDto" classname="com.testframework.automation.UserControllerTest" time="0.114">
    <system-out><![CDATA[2026-03-01T10:31:51.132+05:30  INFO 31043 --- [Automation] [           main] t.c.s.AnnotationConfigContextLoaderUtils : Could not detect default configuration classes for test class [com.testframework.automation.UserControllerTest]: UserControllerTest does not declare any static, non-private, non-final, nested classes annotated with @Configuration.
2026-03-01T10:31:51.145+05:30  INFO 31043 --- [Automation] [           main] .b.t.c.SpringBootTestContextBootstrapper : Found @SpringBootConfiguration com.testframework.automation.AutomationApplication for test class com.testframework.automation.UserControllerTest

  .   ____          _            __ _ _
 /\\ / ___'_ __ _ _(_)_ __  __ _ \ \ \ \
( ( )\___ | '_ | '_| | '_ \/ _` | \ \ \ \
 \\/  ___)| |_)| | | | | || (_| |  ) ) ) )
  '  |____| .__|_| |_|_| |_\__, | / / / /
 =========|_|==============|___/=/_/_/_/

 :: Spring Boot ::                (v3.5.0)

2026-03-01T10:31:51.181+05:30  INFO 31043 --- [Automation] [           main] c.t.automation.UserControllerTest        : Starting UserControllerTest using Java 21.0.8 with PID 31043 (started by robin in /Users/robin/Projects/automation-springboot)
2026-03-01T10:31:51.182+05:30  INFO 31043 --- [Automation] [           main] c.t.automation.UserControllerTest        : The following 1 profile is active: "test"
2026-03-01T10:31:51.301+05:30  INFO 31043 --- [Automation] [           main] .s.d.r.c.RepositoryConfigurationDelegate : Bootstrapping Spring Data JPA repositories in DEFAULT mode.
2026-03-01T10:31:51.306+05:30  INFO 31043 --- [Automation] [           main] .s.d.r.c.RepositoryConfigurationDelegate : Finished Spring Data repository scanning in 4 ms. Found 0 JPA repository interfaces.
2026-03-01T10:31:51.338+05:30  INFO 31043 --- [Automation] [           main] o.s.cloud.context.scope.GenericScope     : BeanFactory id=9b235d59-6c4e-3972-95b0-51c1419b4cdf
2026-03-01T10:31:51.374+05:30  INFO 31043 --- [Automation] [           main] com.zaxxer.hikari.HikariDataSource       : HikariPool-2 - Starting...
2026-03-01T10:31:51.376+05:30  INFO 31043 --- [Automation] [           main] com.zaxxer.hikari.pool.HikariPool        : HikariPool-2 - Added connection conn10: url=jdbc:h2:mem:d7554e1f-209f-4b91-8cbc-8c4c6230df03 user=SA
2026-03-01T10:31:51.376+05:30  INFO 31043 --- [Automation] [           main] com.zaxxer.hikari.HikariDataSource       : HikariPool-2 - Start completed.
2026-03-01T10:31:51.377+05:30  INFO 31043 --- [Automation] [           main] o.hibernate.jpa.internal.util.LogHelper  : HHH000204: Processing PersistenceUnitInfo [name: default]
2026-03-01T10:31:51.378+05:30  INFO 31043 --- [Automation] [           main] o.h.c.internal.RegionFactoryInitiator    : HHH000026: Second-level cache disabled
2026-03-01T10:31:51.384+05:30  INFO 31043 --- [Automation] [           main] o.s.o.j.p.SpringPersistenceUnitInfo      : No LoadTimeWeaver setup: ignoring JPA class transformer
2026-03-01T10:31:51.385+05:30  INFO 31043 --- [Automation] [           main] org.hibernate.orm.connections.pooling    : HHH10001005: Database info:
	Database JDBC URL [Connecting through datasource 'HikariDataSource (HikariPool-2)']
	Database driver: undefined/unknown
	Database version: 2.3.232
	Autocommit mode: undefined/unknown
	Isolation level: undefined/unknown
	Minimum pool size: undefined/unknown
	Maximum pool size: undefined/unknown
2026-03-01T10:31:51.395+05:30  INFO 31043 --- [Automation] [           main] o.h.e.t.j.p.i.JtaPlatformInitiator       : HHH000489: No JTA platform available (set 'hibernate.transaction.jta.platform' to enable JTA platform integration)
2026-03-01T10:31:51.395+05:30  INFO 31043 --- [Automation] [           main] j.LocalContainerEntityManagerFactoryBean : Initialized JPA EntityManagerFactory for persistence unit 'default'
2026-03-01T10:31:51.419+05:30  WARN 31043 --- [Automation] [           main] JpaBaseConfiguration$JpaWebConfiguration : spring.jpa.open-in-view is enabled by default. Therefore, database queries may be performed during view rendering. Explicitly configure spring.jpa.open-in-view to disable this warning
2026-03-01T10:31:51.516+05:30  INFO 31043 --- [Automation] [           main] o.s.b.t.m.w.SpringBootMockServletContext : Initializing Spring TestDispatcherServlet ''
2026-03-01T10:31:51.516+05:30  INFO 31043 --- [Automation] [           main] o.s.t.web.servlet.TestDispatcherServlet  : Initializing Servlet ''
2026-03-01T10:31:51.517+05:30  INFO 31043 --- [Automation] [           main] o.s.t.web.servlet.TestDispatcherServlet  : Completed initialization in 1 ms
2026-03-01T10:31:51.539+05:30  INFO 31043 --- [Automation] [           main] c.t.automation.UserControllerTest        : Started UserControllerTest in 0.391 seconds (process running for 4.671)
CreateUserResponse(id=1, name=John, email=john@example.com, message=User created successfully)
]]></system-out>
  </testcase>
</testsuite>